nohup: ignoring input

> henna-tattoo-queue@0.1.0 serve
> vue-cli-service serve

 INFO  Starting development server...
[3%] setup (watch run)
[2K[1A[2K[G[3%] setup (watch run vue-loader-plugin)
[2K[1A[2K[G[3%] setup (watch run ESLintWebpackPlugin_1)
[2K[1A[2K[G[3%] setup (watch run webpack-dev-middleware)
[2K[1A[2K[G[3%] setup (watch run)
[2K[1A[2K[G[4%] setup (normal module factory)
[2K[1A[2K[G[4%] setup (normal module factory CaseSensitivePathsPlugin)
[2K[1A[2K[G[4%] setup (normal module factory)
[2K[1A[2K[G[5%] setup (context module factory)
[2K[1A[2K[G[6%] setup (before compile)
[2K[1A[2K[G[6%] setup (before compile ProgressPlugin)
[2K[1A[2K[G[6%] setup (before compile)
[2K[1A[2K[G[7%] setup (compile)
[2K[1A[2K[G[7%] setup (compile ExternalsPlugin)
[2K[1A[2K[G[7%] setup (compile)
[2K[1A[2K[G[8%] setup (compilation)
[2K[1A[2K[G[8%] setup (compilation HtmlWebpackPlugin)
[2K[1A[2K[G[8%] setup (compilation CopyPlugin)
[2K[1A[2K[G[8%] setup (compilation ArrayPushCallbackChunkFormatPlugin)
[2K[1A[2K[G[8%] setup (compilation JsonpChunkLoadingPlugin)
[2K[1A[2K[G[8%] setup (compilation StartupChunkDependenciesPlugin)
[2K[1A[2K[G[8%] setup (compilation ImportScriptsChunkLoadingPlugin)
[2K[1A[2K[G[8%] setup (compilation WorkerPlugin)
[2K[1A[2K[G[8%] setup (compilation SplitChunksPlugin)
[2K[1A[2K[G[8%] setup (compilation ResolverCachePlugin)
[2K[1A[2K[G[8%] setup (compilation)
[2K[1A[2K[G[9%] setup (compilation)
[2K[1A[2K[G[9%] setup (compilation vue-loader-plugin)
[2K[1A[2K[G[9%] setup (compilation DefinePlugin)
[2K[1A[2K[G[9%] setup (compilation ProgressPlugin)
[2K[1A[2K[G[9%] setup (compilation EntryPlugin)
[2K[1A[2K[G[9%] setup (compilation ChunkPrefetchPreloadPlugin)
[2K[1A[2K[G[9%] setup (compilation ModuleInfoHeaderPlugin)
[2K[1A[2K[G[9%] setup (compilation EvalSourceMapDevToolPlugin)
[2K[1A[2K[G[9%] setup (compilation JavascriptModulesPlugin)
[2K[1A[2K[G[9%] setup (compilation JsonModulesPlugin)
[2K[1A[2K[G[9%] setup (compilation AssetModulesPlugin)
[2K[1A[2K[G[9%] setup (compilation EntryPlugin)
[2K[1A[2K[G[9%] setup (compilation RuntimePlugin)
[2K[1A[2K[G[9%] setup (compilation InferAsyncModulesPlugin)
[2K[1A[2K[G[9%] setup (compilation DataUriPlugin)
[2K[1A[2K[G[9%] setup (compilation FileUriPlugin)
[2K[1A[2K[G[9%] setup (compilation CompatibilityPlugin)
[2K[1A[2K[G[9%] setup (compilation HarmonyModulesPlugin)
[2K[1A[2K[G[9%] setup (compilation AMDPlugin)
[2K[1A[2K[G[9%] setup (compilation RequireJsStuffPlugin)
[2K[1A[2K[G[9%] setup (compilation CommonJsPlugin)
[2K[1A[2K[G[9%] setup (compilation LoaderPlugin)
[2K[1A[2K[G[9%] setup (compilation NodeStuffPlugin)
[2K[1A[2K[G[9%] setup (compilation APIPlugin)
[2K[1A[2K[G[9%] setup (compilation ExportsInfoApiPlugin)
[2K[1A[2K[G[9%] setup (compilation WebpackIsIncludedPlugin)
[2K[1A[2K[G[9%] setup (compilation ConstPlugin)
[2K[1A[2K[G[9%] setup (compilation UseStrictPlugin)
[2K[1A[2K[G[9%] setup (compilation RequireIncludePlugin)
[2K[1A[2K[G[9%] setup (compilation RequireEnsurePlugin)
[2K[1A[2K[G[9%] setup (compilation RequireContextPlugin)
[2K[1A[2K[G[9%] setup (compilation ImportPlugin)
[2K[1A[2K[G[9%] setup (compilation ImportMetaContextPlugin)
[2K[1A[2K[G[9%] setup (compilation SystemPlugin)
[2K[1A[2K[G[9%] setup (compilation ImportMetaPlugin)
[2K[1A[2K[G[9%] setup (compilation URLPlugin)
[2K[1A[2K[G[9%] setup (compilation DefaultStatsFactoryPlugin)
[2K[1A[2K[G[9%] setup (compilation DefaultStatsPresetPlugin)
[2K[1A[2K[G[9%] setup (compilation DefaultStatsPrinterPlugin)
[2K[1A[2K[G[9%] setup (compilation JavascriptMetaInfoPlugin)
[2K[1A[2K[G[9%] setup (compilation EnsureChunkConditionsPlugin)
[2K[1A[2K[G[9%] setup (compilation RemoveEmptyChunksPlugin)
[2K[1A[2K[G[9%] setup (compilation MergeDuplicateChunksPlugin)
[2K[1A[2K[G[9%] setup (compilation SideEffectsFlagPlugin)
[2K[1A[2K[G[9%] setup (compilation FlagDependencyExportsPlugin)
[2K[1A[2K[G[9%] setup (compilation NamedModuleIdsPlugin)
[2K[1A[2K[G[9%] setup (compilation NamedChunkIdsPlugin)
[2K[1A[2K[G[9%] setup (compilation DefinePlugin)
[2K[1A[2K[G[9%] setup (compilation TemplatedPathPlugin)
[2K[1A[2K[G[9%] setup (compilation RecordIdsPlugin)
[2K[1A[2K[G[9%] setup (compilation WarnCaseSensitiveModulesPlugin)
[2K[1A[2K[G[9%] setup (compilation EntryPlugin)
[2K[1A[2K[G[9%] setup (compilation ProvidePlugin)
[2K[1A[2K[G[9%] setup (compilation HotModuleReplacementPlugin)
[2K[1A[2K[G[9%] setup (compilation ProgressPlugin)
[2K[1A[2K[G[9%] setup (compilation ESLintWebpackPlugin_1)
[2K[1A[2K[G[9%] setup (compilation)
[2K[1A[2K[G[10%] building 
[2K[1A[2K[G[10%] building (0/0 modules)
[2K[1A[2K[G[10%] building (import loader babel-loader/lib/index.js)
[2K[1A[2K[G[10%] building (0/1 modules)
[2K[1A[2K[G[24%] building (1/4 modules)
[2K[1A[2K[G[24%] building (import loader vue-loader/dist/index.js)
[2K[1A[2K[G[24%] building (3/16 modules)
[2K[1A[2K[G[24%] building (import loader vue-loader/dist/pitcher.js)
[2K[1A[2K[G[24%] building (3/22 modules)
[2K[1A[2K[G[24%] building (import loader vue-style-loader/index.js)
[2K[1A[2K[G[24%] building (import loader css-loader/dist/cjs.js)
[2K[1A[2K[G[24%] building (import loader postcss-loader/dist/cjs.js)
[2K[1A[2K[G[24%] building (import loader sass-loader/dist/cjs.js)
[2K[1A[2K[G[24%] building (3/22 modules)
[2K[1A[2K[G[24%] building (import loader vue-loader/dist/templateLoader.js)
[2K[1A[2K[G[24%] building (3/22 modules)
[2K[1A[2K[G[24%] building (import loader vue-loader/dist/stylePostLoader.js)
[2K[1A[2K[G[24%] building (6/28 modules)
[2K[1A[2K[G[24%] building (7/31 modules)
[2K[1A[2K[G[24%] building (16/64 modules)
[2K[1A[2K[G[38%] building (27/76 modules)
[2K[1A[2K[G[51%] building (42/84 modules)
[2K[1A[2K[G[51%] building (100/130 modules)
[2K[1A[2K[G[65%] building (134/134 modules)
[2K[1A[2K[G[65%] building 
[2K[1A[2K[G[69%] building (finish)
[2K[1A[2K[G[70%] sealing (finish module graph)
[2K[1A[2K[G[70%] sealing (finish module graph ResolverCachePlugin)
[2K[1A[2K[G[70%] sealing (finish module graph InferAsyncModulesPlugin)
[2K[1A[2K[G[70%] sealing (finish module graph FlagDependencyExportsPlugin)
[2K[1A[2K[G[70%] sealing (finish module graph ESLintWebpackPlugin_1)
[2K[1A[2K[G[70%] sealing (finish module graph)
[2K[1A[2K[G[71%] sealing (plugins)
[2K[1A[2K[G[71%] sealing (plugins WarnCaseSensitiveModulesPlugin)
[2K[1A[2K[G[71%] sealing (plugins)
[2K[1A[2K[G[71%] sealing (dependencies optimization)
[2K[1A[2K[G[71%] sealing (dependencies optimization SideEffectsFlagPlugin)
[2K[1A[2K[G[71%] sealing (dependencies optimization)
[2K[1A[2K[G[72%] sealing (after dependencies optimization)
[2K[1A[2K[G[73%] sealing (chunk graph)
[2K[1A[2K[G[73%] sealing (after chunk graph)
[2K[1A[2K[G[74%] sealing (optimizing)
[2K[1A[2K[G[74%] sealing (module optimization)
[2K[1A[2K[G[75%] sealing (after module optimization)
[2K[1A[2K[G[76%] sealing (chunk optimization)
[2K[1A[2K[G[76%] sealing (chunk optimization EnsureChunkConditionsPlugin)
[2K[1A[2K[G[76%] sealing (chunk optimization RemoveEmptyChunksPlugin)
[2K[1A[2K[G[76%] sealing (chunk optimization MergeDuplicateChunksPlugin)
[2K[1A[2K[G[76%] sealing (chunk optimization SplitChunksPlugin)
[2K[1A[2K[G[76%] sealing (chunk optimization RemoveEmptyChunksPlugin)
[2K[1A[2K[G[76%] sealing (chunk optimization)
[2K[1A[2K[G[76%] sealing (after chunk optimization)
[2K[1A[2K[G[77%] sealing (module and chunk tree optimization)
[2K[1A[2K[G[77%] sealing (module and chunk tree optimization PersistentChildCompilerSinglet
onPlugin)
[2K[1A[2K[1A[2K[G[77%] sealing (module and chunk tree optimization)
[2K[1A[2K[G[78%] sealing (after module and chunk tree optimization)
[2K[1A[2K[G[78%] sealing (chunk modules optimization)
[2K[1A[2K[G[79%] sealing (after chunk modules optimization)
[2K[1A[2K[G[80%] sealing (module reviving)
[2K[1A[2K[G[80%] sealing (module reviving RecordIdsPlugin)
[2K[1A[2K[G[80%] sealing (module reviving)
[2K[1A[2K[G[80%] sealing (before module ids)
[2K[1A[2K[G[81%] sealing (module ids)
[2K[1A[2K[G[81%] sealing (module ids NamedModuleIdsPlugin)
[2K[1A[2K[G[81%] sealing (module ids)
[2K[1A[2K[G[82%] sealing (module id optimization)
[2K[1A[2K[G[82%] sealing (module id optimization)
[2K[1A[2K[G[83%] sealing (chunk reviving)
[2K[1A[2K[G[83%] sealing (chunk reviving RecordIdsPlugin)
[2K[1A[2K[G[83%] sealing (chunk reviving)
[2K[1A[2K[G[83%] sealing (before chunk ids)
[2K[1A[2K[G[84%] sealing (chunk ids)
[2K[1A[2K[G[84%] sealing (chunk ids NamedChunkIdsPlugin)
[2K[1A[2K[G[84%] sealing (chunk ids)
[2K[1A[2K[G[85%] sealing (chunk id optimization)
[2K[1A[2K[G[85%] sealing (after chunk id optimization)
[2K[1A[2K[G[86%] sealing (record modules)
[2K[1A[2K[G[86%] sealing (record modules RecordIdsPlugin)
[2K[1A[2K[G[86%] sealing (record modules)
[2K[1A[2K[G[87%] sealing (record chunks)
[2K[1A[2K[G[87%] sealing (record chunks RecordIdsPlugin)
[2K[1A[2K[G[87%] sealing (record chunks)
[2K[1A[2K[G[87%] sealing (module hashing)
[2K[1A[2K[G[88%] sealing (code generation)
[2K[1A[2K[G[89%] sealing (runtime requirements)
[2K[1A[2K[G[89%] sealing (hashing)
[2K[1A[2K[G[90%] sealing (after hashing)
[2K[1A[2K[G[91%] sealing (record hash)
[2K[1A[2K[G[91%] sealing (module assets processing)
[2K[1A[2K[G[92%] sealing (chunk assets processing)
[2K[1A[2K[G[92%] sealing (asset processing)
[2K[1A[2K[G[92%] sealing (asset processing copy-webpack-plugin)
[2K[1A[2K[G[92%] sealing (asset processing HotModuleReplacementPlugin)
[2K[1A[2K[G[92%] sealing (asset processing ESLintWebpackPlugin_1)
[2K[1A[2K[G[92%] sealing (asset processing PersistentChildCompilerSingletonPlugin)
[2K[1A[2K[G[92%] sealing (asset processing HtmlWebpackPlugin)
[2K[1A[2K[G[92%] sealing (asset processing)
[2K[1A[2K[G[93%] sealing (after asset optimization)
[2K[1A[2K[G[94%] sealing (recording)
[2K[1A[2K[G[94%] sealing (recording HotModuleReplacementPlugin)
[2K[1A[2K[G[94%] sealing (recording)
[2K[1A[2K[G[94%] sealing (after seal)
[2K[1A[2K[G[95%] emitting (emit)
[2K[1A[2K[G[98%] emitting (after emit)
[2K[1A[2K[GBuild finished at 13:59:21 by 0.000s
[2K[1A[2K[GBuild finished at 13:59:21 by 0.000s
[2K[1A[2K[GBuild finished at 13:59:21 by 0.000s
[2K[1A[2K[G ERROR  Failed to compile with 4 errors1:59:21 PM

[eslint] 
/home/makenumberserver/vue/src/App.vue
  0:0  error  Parsing error: No Babel config file detected for /home/makenumberserver/vue/src/App.vue. Either disable config file checking with requireConfigFile: false, or configure Babel so that it can find the config files

/home/makenumberserver/vue/src/components/TabBar.vue
  0:0  error  Parsing error: No Babel config file detected for /home/makenumberserver/vue/src/components/TabBar.vue. Either disable config file checking with requireConfigFile: false, or configure Babel so that it can find the config files

/home/makenumberserver/vue/src/main.js
  0:0  error  Parsing error: No Babel config file detected for /home/makenumberserver/vue/src/main.js. Either disable config file checking with requireConfigFile: false, or configure Babel so that it can find the config files

/home/makenumberserver/vue/src/router/index.js
  0:0  error  Parsing error: No Babel config file detected for /home/makenumberserver/vue/src/router/index.js. Either disable config file checking with requireConfigFile: false, or configure Babel so that it can find the config files

/home/makenumberserver/vue/src/store/index.js
  0:0  error  Parsing error: No Babel config file detected for /home/makenumberserver/vue/src/store/index.js. Either disable config file checking with requireConfigFile: false, or configure Babel so that it can find the config files

/home/makenumberserver/vue/src/views/Gallery.vue
  0:0  error  Parsing error: No Babel config file detected for /home/makenumberserver/vue/src/views/Gallery.vue. Either disable config file checking with requireConfigFile: false, or configure Babel so that it can find the config files

/home/makenumberserver/vue/src/views/Intro.vue
  0:0  error  Parsing error: No Babel config file detected for /home/makenumberserver/vue/src/views/Intro.vue. Either disable config file checking with requireConfigFile: false, or configure Babel so that it can find the config files

/home/makenumberserver/vue/src/views/Queue.vue
  0:0  error  Parsing error: No Babel config file detected for /home/makenumberserver/vue/src/views/Queue.vue. Either disable config file checking with requireConfigFile: false, or configure Babel so that it can find the config files

✖ 8 problems (8 errors, 0 warnings)


You may use special comments to disable some warnings.
Use // eslint-disable-next-line to ignore the next line.
Use /* eslint-disable */ to ignore all warnings in a file.
 error  in ./src/views/Intro.vue?vue&type=style&index=0&id=f12fd2bc&lang=scss&scoped=true

Module not found: Error: Can't resolve '/images/location.png' in '/home/makenumberserver/vue/src/views'

 error  in ./src/views/Intro.vue?vue&type=style&index=0&id=f12fd2bc&lang=scss&scoped=true

Module not found: Error: Can't resolve '/images/time.png' in '/home/makenumberserver/vue/src/views'

 error  in ./src/views/Intro.vue?vue&type=style&index=0&id=f12fd2bc&lang=scss&scoped=true

Module not found: Error: Can't resolve '/images/phone.png' in '/home/makenumberserver/vue/src/views'

Build finished at 13:59:21 by 0.000s
[2K[1A[2K[GBuild finished at 13:59:21 by 0.000s
[2K[1A[2K[GBuild finished at 13:59:21 by 0.000s
[2K[1A[2K[GBuild finished at 13:59:21 by 0.000s
[2K[1A[2K[GBuild finished at 13:59:21 by 0.000s
[2K[1A[2K[GBuild finished at 13:59:21 by 0.000s
[2K[1A[2K[GBuild finished at 13:59:21 by 0.000s
[2K[1A[2K[GBuild finished at 13:59:21 by 0.000s
[2K[1A[2K[GBuild finished at 13:59:21 by 0.000s
[2K[1A[2K[GERROR in ./src/views/Intro.vue?vue&type=style&index=0&id=f12fd2bc&lang=scss&scoped=true (./node_modules/css-loader/dist/cjs.js??clonedRuleSet-22.use[1]!./node_modules/vue-loader/dist/stylePostLoader.js!./node_modules/postcss-loader/dist/cjs.js??clonedRuleSet-22.use[2]!./node_modules/sass-loader/dist/cjs.js??clonedRuleSet-22.use[3]!./node_modules/vue-loader/dist/index.js??ruleSet[0].use[0]!./src/views/Intro.vue?vue&type=style&index=0&id=f12fd2bc&lang=scss&scoped=true) 5:36-84
Module not found: Error: Can't resolve '/images/location.png' in '/home/makenumberserver/vue/src/views'
 @ ./node_modules/vue-style-loader/index.js??clonedRuleSet-22.use[0]!./node_modules/css-loader/dist/cjs.js??clonedRuleSet-22.use[1]!./node_modules/vue-loader/dist/stylePostLoader.js!./node_modules/postcss-loader/dist/cjs.js??clonedRuleSet-22.use[2]!./node_modules/sass-loader/dist/cjs.js??clonedRuleSet-22.use[3]!./node_modules/vue-loader/dist/index.js??ruleSet[0].use[0]!./src/views/Intro.vue?vue&type=style&index=0&id=f12fd2bc&lang=scss&scoped=true 4:14-418 15:3-20:5 16:22-426
 @ ./src/views/Intro.vue?vue&type=style&index=0&id=f12fd2bc&lang=scss&scoped=true 1:0-479 1:0-479
 @ ./src/views/Intro.vue 5:0-77
 @ ./src/router/index.js 15:19-47
 @ ./src/main.js 3:0-30 7:8-14

ERROR in ./src/views/Intro.vue?vue&type=style&index=0&id=f12fd2bc&lang=scss&scoped=true (./node_modules/css-loader/dist/cjs.js??clonedRuleSet-22.use[1]!./node_modules/vue-loader/dist/stylePostLoader.js!./node_modules/postcss-loader/dist/cjs.js??clonedRuleSet-22.use[2]!./node_modules/sass-loader/dist/cjs.js??clonedRuleSet-22.use[3]!./node_modules/vue-loader/dist/index.js??ruleSet[0].use[0]!./src/views/Intro.vue?vue&type=style&index=0&id=f12fd2bc&lang=scss&scoped=true) 6:36-80
Module not found: Error: Can't resolve '/images/time.png' in '/home/makenumberserver/vue/src/views'
 @ ./node_modules/vue-style-loader/index.js??clonedRuleSet-22.use[0]!./node_modules/css-loader/dist/cjs.js??clonedRuleSet-22.use[1]!./node_modules/vue-loader/dist/stylePostLoader.js!./node_modules/postcss-loader/dist/cjs.js??clonedRuleSet-22.use[2]!./node_modules/sass-loader/dist/cjs.js??clonedRuleSet-22.use[3]!./node_modules/vue-loader/dist/index.js??ruleSet[0].use[0]!./src/views/Intro.vue?vue&type=style&index=0&id=f12fd2bc&lang=scss&scoped=true 4:14-418 15:3-20:5 16:22-426
 @ ./src/views/Intro.vue?vue&type=style&index=0&id=f12fd2bc&lang=scss&scoped=true 1:0-479 1:0-479
 @ ./src/views/Intro.vue 5:0-77
 @ ./src/router/index.js 15:19-47
 @ ./src/main.js 3:0-30 7:8-14

ERROR in ./src/views/Intro.vue?vue&type=style&index=0&id=f12fd2bc&lang=scss&scoped=true (./node_modules/css-loader/dist/cjs.js??clonedRuleSet-22.use[1]!./node_modules/vue-loader/dist/stylePostLoader.js!./node_modules/postcss-loader/dist/cjs.js??clonedRuleSet-22.use[2]!./node_modules/sass-loader/dist/cjs.js??clonedRuleSet-22.use[3]!./node_modules/vue-loader/dist/index.js??ruleSet[0].use[0]!./src/views/Intro.vue?vue&type=style&index=0&id=f12fd2bc&lang=scss&scoped=true) 7:36-81
Module not found: Error: Can't resolve '/images/phone.png' in '/home/makenumberserver/vue/src/views'
 @ ./node_modules/vue-style-loader/index.js??clonedRuleSet-22.use[0]!./node_modules/css-loader/dist/cjs.js??clonedRuleSet-22.use[1]!./node_modules/vue-loader/dist/stylePostLoader.js!./node_modules/postcss-loader/dist/cjs.js??clonedRuleSet-22.use[2]!./node_modules/sass-loader/dist/cjs.js??clonedRuleSet-22.use[3]!./node_modules/vue-loader/dist/index.js??ruleSet[0].use[0]!./src/views/Intro.vue?vue&type=style&index=0&id=f12fd2bc&lang=scss&scoped=true 4:14-418 15:3-20:5 16:22-426
 @ ./src/views/Intro.vue?vue&type=style&index=0&id=f12fd2bc&lang=scss&scoped=true 1:0-479 1:0-479
 @ ./src/views/Intro.vue 5:0-77
 @ ./src/router/index.js 15:19-47
 @ ./src/main.js 3:0-30 7:8-14

ERROR in [eslint] 
/home/makenumberserver/vue/src/App.vue
  0:0  error  Parsing error: No Babel config file detected for /home/makenumberserver/vue/src/App.vue. Either disable config file checking with requireConfigFile: false, or configure Babel so that it can find the config files

/home/makenumberserver/vue/src/components/TabBar.vue
  0:0  error  Parsing error: No Babel config file detected for /home/makenumberserver/vue/src/components/TabBar.vue. Either disable config file checking with requireConfigFile: false, or configure Babel so that it can find the config files

/home/makenumberserver/vue/src/main.js
  0:0  error  Parsing error: No Babel config file detected for /home/makenumberserver/vue/src/main.js. Either disable config file checking with requireConfigFile: false, or configure Babel so that it can find the config files

/home/makenumberserver/vue/src/router/index.js
  0:0  error  Parsing error: No Babel config file detected for /home/makenumberserver/vue/src/router/index.js. Either disable config file checking with requireConfigFile: false, or configure Babel so that it can find the config files

/home/makenumberserver/vue/src/store/index.js
  0:0  error  Parsing error: No Babel config file detected for /home/makenumberserver/vue/src/store/index.js. Either disable config file checking with requireConfigFile: false, or configure Babel so that it can find the config files

/home/makenumberserver/vue/src/views/Gallery.vue
  0:0  error  Parsing error: No Babel config file detected for /home/makenumberserver/vue/src/views/Gallery.vue. Either disable config file checking with requireConfigFile: false, or configure Babel so that it can find the config files

/home/makenumberserver/vue/src/views/Intro.vue
  0:0  error  Parsing error: No Babel config file detected for /home/makenumberserver/vue/src/views/Intro.vue. Either disable config file checking with requireConfigFile: false, or configure Babel so that it can find the config files

/home/makenumberserver/vue/src/views/Queue.vue
  0:0  error  Parsing error: No Babel config file detected for /home/makenumberserver/vue/src/views/Queue.vue. Either disable config file checking with requireConfigFile: false, or configure Babel so that it can find the config files

✖ 8 problems (8 errors, 0 warnings)

webpack compiled with 4 errors
